<?xml version="1.0" encoding="UTF-8"?>
<testng-results ignored="0" total="2" passed="2" failed="0" skipped="0">
  <reporter-output>
  </reporter-output>
  <suite started-at="2024-11-30T19:44:06 EST" name="Suite" finished-at="2024-11-30T19:44:31 EST" duration-ms="24819">
    <groups>
      <group name="cucumber">
        <method signature="AbstractTestNGCucumberTests.runScenario(io.cucumber.testng.PickleEventWrapper,io.cucumber.testng.CucumberFeatureWrapper)[pri:0, instance:com.regression.RunnerFile@37d4349f]" name="runScenario" class="io.cucumber.testng.AbstractTestNGCucumberTests"/>
      </group> <!-- cucumber -->
    </groups>
    <test started-at="2024-11-30T19:44:06 EST" name="Test" finished-at="2024-11-30T19:44:31 EST" duration-ms="24819">
      <class name="com.regression.RunnerFile">
        <test-method is-config="true" signature="setUpClass()[pri:0, instance:com.regression.RunnerFile@37d4349f]" started-at="2024-11-30T19:44:06 EST" name="setUpClass" finished-at="2024-11-30T19:44:06 EST" duration-ms="95" status="PASS">
          <reporter-output>
          </reporter-output>
        </test-method> <!-- setUpClass -->
        <test-method signature="runScenario(io.cucumber.testng.PickleEventWrapper,io.cucumber.testng.CucumberFeatureWrapper)[pri:0, instance:com.regression.RunnerFile@37d4349f]" started-at="2024-11-30T19:44:07 EST" name="runScenario" description="Runs Cucumber Scenarios" data-provider="scenarios" finished-at="2024-11-30T19:44:20 EST" duration-ms="13681" status="PASS">
          <params>
            <param index="0">
              <value>
                <![CDATA["As a automation exercise user,Login should pass with valid credential"]]>
              </value>
            </param>
            <param index="1">
              <value>
                <![CDATA["Login function test"]]>
              </value>
            </param>
          </params>
          <reporter-output>
          </reporter-output>
        </test-method> <!-- runScenario -->
        <test-method signature="runScenario(io.cucumber.testng.PickleEventWrapper,io.cucumber.testng.CucumberFeatureWrapper)[pri:0, instance:com.regression.RunnerFile@37d4349f]" started-at="2024-11-30T19:44:20 EST" name="runScenario" description="Runs Cucumber Scenarios" data-provider="scenarios" finished-at="2024-11-30T19:44:31 EST" duration-ms="10857" status="PASS">
          <params>
            <param index="0">
              <value>
                <![CDATA["As a automation exercise user,Login should fail with invalid credential"]]>
              </value>
            </param>
            <param index="1">
              <value>
                <![CDATA["Login function test"]]>
              </value>
            </param>
          </params>
          <reporter-output>
          </reporter-output>
        </test-method> <!-- runScenario -->
        <test-method is-config="true" signature="tearDownClass()[pri:0, instance:com.regression.RunnerFile@37d4349f]" started-at="2024-11-30T19:44:31 EST" name="tearDownClass" finished-at="2024-11-30T19:44:31 EST" duration-ms="100" status="PASS">
          <reporter-output>
          </reporter-output>
        </test-method> <!-- tearDownClass -->
      </class> <!-- com.regression.RunnerFile -->
    </test> <!-- Test -->
  </suite> <!-- Suite -->
</testng-results>
