<?xml version="1.0" encoding="UTF-8"?>
<testng-results ignored="0" total="2" passed="2" failed="0" skipped="0">
  <reporter-output>
  </reporter-output>
  <suite started-at="2024-11-29T18:26:43 EST" name="Default suite" finished-at="2024-11-29T18:27:07 EST" duration-ms="23366">
    <groups>
      <group name="cucumber">
        <method signature="AbstractTestNGCucumberTests.runScenario(io.cucumber.testng.PickleEventWrapper,io.cucumber.testng.CucumberFeatureWrapper)[pri:0, instance:com.regression.RunnerFile@e350b40]" name="runScenario" class="io.cucumber.testng.AbstractTestNGCucumberTests"/>
      </group> <!-- cucumber -->
    </groups>
    <test started-at="2024-11-29T18:26:43 EST" name="Default test" finished-at="2024-11-29T18:27:07 EST" duration-ms="23366">
      <class name="com.regression.RunnerFile">
        <test-method is-config="true" signature="setUpClass()[pri:0, instance:com.regression.RunnerFile@e350b40]" started-at="2024-11-29T18:26:43 EST" name="setUpClass" finished-at="2024-11-29T18:26:43 EST" duration-ms="96" status="PASS">
          <reporter-output>
          </reporter-output>
        </test-method> <!-- setUpClass -->
        <test-method signature="runScenario(io.cucumber.testng.PickleEventWrapper,io.cucumber.testng.CucumberFeatureWrapper)[pri:0, instance:com.regression.RunnerFile@e350b40]" started-at="2024-11-29T18:26:43 EST" name="runScenario" description="Runs Cucumber Scenarios" data-provider="scenarios" finished-at="2024-11-29T18:26:55 EST" duration-ms="12134" status="PASS">
          <params>
            <param index="0">
              <value>
                <![CDATA["As a automation exercise user,Login should pass with valid credential"]]>
              </value>
            </param>
            <param index="1">
              <value>
                <![CDATA["Login function test"]]>
              </value>
            </param>
          </params>
          <reporter-output>
          </reporter-output>
        </test-method> <!-- runScenario -->
        <test-method signature="runScenario(io.cucumber.testng.PickleEventWrapper,io.cucumber.testng.CucumberFeatureWrapper)[pri:0, instance:com.regression.RunnerFile@e350b40]" started-at="2024-11-29T18:26:55 EST" name="runScenario" description="Runs Cucumber Scenarios" data-provider="scenarios" finished-at="2024-11-29T18:27:06 EST" duration-ms="10839" status="PASS">
          <params>
            <param index="0">
              <value>
                <![CDATA["As a automation exercise user,Login should fail with invalid credential"]]>
              </value>
            </param>
            <param index="1">
              <value>
                <![CDATA["Login function test"]]>
              </value>
            </param>
          </params>
          <reporter-output>
          </reporter-output>
        </test-method> <!-- runScenario -->
        <test-method is-config="true" signature="tearDownClass()[pri:0, instance:com.regression.RunnerFile@e350b40]" started-at="2024-11-29T18:27:06 EST" name="tearDownClass" finished-at="2024-11-29T18:27:07 EST" duration-ms="168" status="PASS">
          <reporter-output>
          </reporter-output>
        </test-method> <!-- tearDownClass -->
      </class> <!-- com.regression.RunnerFile -->
    </test> <!-- Default test -->
  </suite> <!-- Default suite -->
</testng-results>
